app/build/intermediates/manifest_merge_blame_file/debug/manifest-merger-blame-debug-report.txt
1<?xml version="1.0" encoding="utf-8"?>
2<manifest xmlns:android="http://schemas.android.com/apk/res/android"
3    package="com.lisaeva.silenttimer"
4    android:versionCode="1"
5    android:versionName="1.0" >
6
7    <uses-sdk
8        android:minSdkVersion="17"
8-->src\main\AndroidManifest.xml
9        android:targetSdkVersion="30" />
9-->src\main\AndroidManifest.xml
10
11    <uses-permission android:name="android.permission.ACCESS_NOTIFICATION_POLICY" />
11-->src\main\AndroidManifest.xml:5:5-84
11-->src\main\AndroidManifest.xml:5:22-82
12
13    <application
13-->src\main\AndroidManifest.xml:7:5-32:19
14        android:allowBackup="true"
14-->src\main\AndroidManifest.xml:8:9-35
15        android:appComponentFactory="androidx.core.app.CoreComponentFactory"
15-->[androidx.core:core:1.3.1] AndroidManifest.xml:24:18-86
16        android:debuggable="true"
17        android:icon="@mipmap/ic_launcher"
17-->src\main\AndroidManifest.xml:9:9-43
18        android:label="@string/app_name"
18-->src\main\AndroidManifest.xml:10:9-41
19        android:roundIcon="@mipmap/ic_launcher_round"
19-->src\main\AndroidManifest.xml:11:9-54
20        android:supportsRtl="true"
20-->src\main\AndroidManifest.xml:12:9-35
21        android:testOnly="true"
22        android:theme="@style/Theme.SilentTimer" >
22-->src\main\AndroidManifest.xml:13:9-49
23        <receiver
23-->src\main\AndroidManifest.xml:17:9-23:20
24            android:name="com.lisaeva.silenttimer.SilentAlarmInitiator"
24-->src\main\AndroidManifest.xml:17:19-54
25            android:exported="true" >
25-->src\main\AndroidManifest.xml:17:56-79
26            <intent-filter>
26-->src\main\AndroidManifest.xml:18:13-22:29
27                <action android:name="com.lisaeva.silenttimer.START_SILENT_TIMER" />
27-->src\main\AndroidManifest.xml:19:17-84
27-->src\main\AndroidManifest.xml:19:25-82
28                <action android:name="com.lisaeva.silenttimer.STOP_SILENT_TIMER" />
28-->src\main\AndroidManifest.xml:20:17-84
28-->src\main\AndroidManifest.xml:20:25-81
29                <action android:name="com.lisaeva.silenttimer.ACTIVATE_SILENT_TIMER" />
29-->src\main\AndroidManifest.xml:21:17-88
29-->src\main\AndroidManifest.xml:21:25-85
30            </intent-filter>
31        </receiver>
32
33        <activity android:name="com.lisaeva.silenttimer.ui.MainActivity" >
33-->src\main\AndroidManifest.xml:25:9-30:20
33-->src\main\AndroidManifest.xml:25:19-50
34            <intent-filter>
34-->src\main\AndroidManifest.xml:26:13-29:29
35                <action android:name="android.intent.action.MAIN" />
35-->src\main\AndroidManifest.xml:27:17-69
35-->src\main\AndroidManifest.xml:27:25-66
36
37                <category android:name="android.intent.category.LAUNCHER" />
37-->src\main\AndroidManifest.xml:28:17-77
37-->src\main\AndroidManifest.xml:28:27-74
38            </intent-filter>
39        </activity>
40
41        <service
41-->[androidx.room:room-runtime:2.2.6] AndroidManifest.xml:25:9-28:40
42            android:name="androidx.room.MultiInstanceInvalidationService"
42-->[androidx.room:room-runtime:2.2.6] AndroidManifest.xml:26:13-74
43            android:directBootAware="true"
43-->[androidx.room:room-runtime:2.2.6] AndroidManifest.xml:27:13-43
44            android:exported="false" />
44-->[androidx.room:room-runtime:2.2.6] AndroidManifest.xml:28:13-37
45    </application>
46
47</manifest>